<?xml version="1.0" encoding="UTF-8" ?>
<testsuite errors="3" failures="2" hostname="Jayaruwan-PC" name="main.SimpleStudentRepositoryTest" tests="5" time="0.11" timestamp="2012-03-30T06:37:22">
  <properties>
[...]
</properties>
  <testcase classname="main.SimpleStudentRepositoryTest" name="testSaveStudent" time="0.0">
    <error type="java.lang.NullPointerException">java.lang.NullPointerException
	at main.SimpleStudentRepository.saveStudent(SimpleStudentRepository.java:28)
	at main.SimpleStudentRepositoryTest.testSaveStudent(SimpleStudentRepositoryTest.java:49)
</error>
  </testcase>
  <testcase classname="main.SimpleStudentRepositoryTest" name="testDeleteStudent" time="0.016">
    <error type="java.lang.NullPointerException">java.lang.NullPointerException
	at main.SimpleStudentRepository.deleteStudent(SimpleStudentRepository.java:32)
	at main.SimpleStudentRepositoryTest.testDeleteStudent(SimpleStudentRepositoryTest.java:62)
</error>
  </testcase>
  <testcase classname="main.SimpleStudentRepositoryTest" name="testFindStudent" time="0.0">
    <failure message="The test case is a prototype." type="junit.framework.AssertionFailedError">junit.framework.AssertionFailedError: The test case is a prototype.
	at main.SimpleStudentRepositoryTest.testFindStudent(SimpleStudentRepositoryTest.java:79)
</failure>
  </testcase>
  <testcase classname="main.SimpleStudentRepositoryTest" name="testUpdateStudent" time="0.0">
    <error type="java.lang.NullPointerException">java.lang.NullPointerException
	at main.SimpleStudentRepository.updateStudent(SimpleStudentRepository.java:50)
	at main.SimpleStudentRepositoryTest.testUpdateStudent(SimpleStudentRepositoryTest.java:90)
</error>
  </testcase>
  <testcase classname="main.SimpleStudentRepositoryTest" name="testFindAllStudents" time="0.016">
    <failure message="expected:&lt;null&gt; but was:&lt;[]&gt;" type="junit.framework.AssertionFailedError">junit.framework.AssertionFailedError: expected:&lt;null&gt; but was:&lt;[]&gt;
	at main.SimpleStudentRepositoryTest.testFindAllStudents(SimpleStudentRepositoryTest.java:104)
</failure>
  </testcase>
  <system-out><![CDATA[saveStudent
deleteStudent
findStudent
Invalid Registration Number
updateStudent
findAllStudents
]]></system-out>
  <system-err><![CDATA[]]></system-err>
</testsuite>
